<?xml version="1.0" encoding="UTF-8"?>
<!-- Generated by org.testng.reporters.JUnitReportReporter -->
<testsuite hostname="LAPTOP-7O0L1LIQ" failures="0" tests="1" name="com.crm.CreateOrganization.CreateOrganizationWithContact" time="23.206" errors="0" timestamp="2026-09-10T17:47:24 IST" skipped="0">
  <testcase classname="com.crm.CreateOrganization.CreateOrganizationWithContact" name="createorganizationWithContact" time="23.206"/>
</testsuite> <!-- com.crm.CreateOrganization.CreateOrganizationWithContact -->
