<?xml version="1.0" encoding="UTF-8"?>
<!-- Generated by org.testng.reporters.JUnitReportReporter -->
<testsuite hostname="LAPTOP-7O0L1LIQ" failures="0" tests="1" name="com.crm.CreateOrganization.CreateOrganizationWithIndustry" time="13.948" errors="0" timestamp="2026-09-11T11:18:03 IST" skipped="0">
  <testcase classname="com.crm.CreateOrganization.CreateOrganizationWithIndustry" name="createOrganizationWithIndustry" time="13.948"/>
</testsuite> <!-- com.crm.CreateOrganization.CreateOrganizationWithIndustry -->
