<?xml version="1.0" encoding="UTF-8"?>
<!-- Generated by org.testng.reporters.JUnitXMLReporter -->
<testsuite ignored="4" hostname="LAPTOP-7O0L1LIQ" failures="0" tests="3" name="testrunner-1" time="70.058" errors="0" timestamp="2026-09-10T17:47:24 IST">
  <testcase classname="com.crm.CreateContact.CreateContactWithDate" name="createContactWithDate" time="10.686"/>
  <testcase classname="com.crm.CreateOrganization.CreateOrganizationTest" name="createOrganizationTest" time="6.62"/>
  <testcase classname="com.crm.CreateOrganization.CreateOrganizationWithContact" name="createorganizationWithContact" time="17.147"/>
  <testcase classname="com.crm.BaseClass.BaseClass" name="@BeforeSuite configBS" time="0.0">
    <ignored/>
  </testcase> <!-- @BeforeSuite configBS -->
  <testcase classname="com.crm.BaseClass.BaseClass" name="@AfterSuite configAS" time="0.0">
    <ignored/>
  </testcase> <!-- @AfterSuite configAS -->
  <testcase classname="com.crm.BaseClass.BaseClass" name="@AfterSuite configAS" time="0.0">
    <ignored/>
  </testcase> <!-- @AfterSuite configAS -->
  <testcase classname="com.crm.BaseClass.BaseClass" name="@BeforeSuite configBS" time="0.0">
    <ignored/>
  </testcase> <!-- @BeforeSuite configBS -->
</testsuite> <!-- testrunner-1 -->
