<?xml version="1.0" encoding="UTF-8"?>
<!-- Generated by org.testng.reporters.JUnitXMLReporter -->
<testsuite ignored="2" hostname="LAPTOP-7O0L1LIQ" failures="0" tests="2" name="testRunner-2" time="63.609" errors="0" timestamp="2026-09-10T17:47:17 IST">
  <testcase classname="com.crm.CreateContact.CreateContactWithOrganization" name="createContactWithOrganization" time="21.472"/>
  <testcase classname="com.crm.CreateContact.CreateContact" name="createContact" time="11.243"/>
  <testcase classname="com.crm.BaseClass.BaseClass" name="@AfterSuite configAS" time="0.0">
    <ignored/>
  </testcase> <!-- @AfterSuite configAS -->
  <testcase classname="com.crm.BaseClass.BaseClass" name="@BeforeSuite configBS" time="0.0">
    <ignored/>
  </testcase> <!-- @BeforeSuite configBS -->
</testsuite> <!-- testRunner-2 -->
